# JRE version: OpenJDK Runtime Environment (19.0.2+7) (build 19.0.2+7-44)
# Java VM: OpenJDK 64-Bit Server VM (19.0.2+7-44, mixed mode, emulated-client, sharing, tiered, compressed oops, compressed class ptrs, g1 gc, windows-amd64)
GC Precious Log:
 CardTable entry size: 512
 Card Set container configuration: InlinePtr #cards 5 size 8 Array Of Cards #cards 12 size 40 Howl #buckets 4 coarsen threshold 1843 Howl Bitmap #cards 512 size 80 coarsen threshold 460 Card regions per heap region 1 cards per card region 2048
 CPUs: 8 total, 8 available
 Memory: 6020M
 Large Page Support: Disabled
 NUMA Support: Disabled
 Compressed Oops: Enabled (32-bit)
 Heap Region Size: 1M
 Heap Min Capacity: 8M
 Heap Initial Capacity: 96M
 Heap Max Capacity: 1506M
 Pre-touch: Disabled
 Parallel Workers: 8
 Concurrent Workers: 2
 Concurrent Refinement Workers: 8
 Periodic GC: Disabled
Heap:
 garbage-first heap   total 110592K, used 80856K [0x00000000a1e00000, 0x0000000100000000)
  region size 1024K, 54 young (55296K), 2 survivors (2048K)
 Metaspace       used 63846K, committed 64320K, reserved 1114112K
  class space    used 8661K, committed 8896K, reserved 1048576K
GC Heap History (20 events):
Event: 20.107 GC heap before
{Heap before GC invocations=15 (full 0):
 garbage-first heap   total 51200K, used 39353K [0x00000000a1e00000, 0x0000000100000000)
  region size 1024K, 18 young (18432K), 2 survivors (2048K)
 Metaspace       used 46247K, committed 46720K, reserved 1114112K
  class space    used 6354K, committed 6592K, reserved 1048576K
}
Event: 20.110 GC heap after
{Heap after GC invocations=16 (full 0):
 garbage-first heap   total 51200K, used 23349K [0x00000000a1e00000, 0x0000000100000000)
  region size 1024K, 2 young (2048K), 2 survivors (2048K)
 Metaspace       used 46247K, committed 46720K, reserved 1114112K
  class space    used 6354K, committed 6592K, reserved 1048576K
}
Event: 21.611 GC heap before
{Heap before GC invocations=16 (full 0):
 garbage-first heap   total 51200K, used 39733K [0x00000000a1e00000, 0x0000000100000000)
  region size 1024K, 19 young (19456K), 2 survivors (2048K)
 Metaspace       used 49377K, committed 49856K, reserved 1114112K
  class space    used 6756K, committed 6976K, reserved 1048576K
}
Event: 21.616 GC heap after
{Heap after GC invocations=17 (full 0):
 garbage-first heap   total 51200K, used 24320K [0x00000000a1e00000, 0x0000000100000000)
  region size 1024K, 3 young (3072K), 3 survivors (3072K)
 Metaspace       used 49377K, committed 49856K, reserved 1114112K
  class space    used 6756K, committed 6976K, reserved 1048576K
}
Event: 22.366 GC heap before
{Heap before GC invocations=17 (full 0):
 garbage-first heap   total 51200K, used 40704K [0x00000000a1e00000, 0x0000000100000000)
  region size 1024K, 19 young (19456K), 3 survivors (3072K)
 Metaspace       used 51185K, committed 51648K, reserved 1114112K
  class space    used 7007K, committed 7232K, reserved 1048576K
}
Event: 22.372 GC heap after
{Heap after GC invocations=18 (full 0):
 garbage-first heap   total 51200K, used 25505K [0x00000000a1e00000, 0x0000000100000000)
  region size 1024K, 3 young (3072K), 3 survivors (3072K)
 Metaspace       used 51185K, committed 51648K, reserved 1114112K
  class space    used 7007K, committed 7232K, reserved 1048576K
}
Event: 23.076 GC heap before
{Heap before GC invocations=18 (full 0):
 garbage-first heap   total 51200K, used 39841K [0x00000000a1e00000, 0x0000000100000000)
  region size 1024K, 18 young (18432K), 3 survivors (3072K)
 Metaspace       used 53677K, committed 54080K, reserved 1114112K
  class space    used 7306K, committed 7488K, reserved 1048576K
}
Event: 23.083 GC heap after
{Heap after GC invocations=19 (full 0):
 garbage-first heap   total 51200K, used 26480K [0x00000000a1e00000, 0x0000000100000000)
  region size 1024K, 3 young (3072K), 3 survivors (3072K)
 Metaspace       used 53677K, committed 54080K, reserved 1114112K
  class space    used 7306K, committed 7488K, reserved 1048576K
}
Event: 23.621 GC heap before
{Heap before GC invocations=20 (full 0):
 garbage-first heap   total 51200K, used 40816K [0x00000000a1e00000, 0x0000000100000000)
  region size 1024K, 17 young (17408K), 3 survivors (3072K)
 Metaspace       used 54163K, committed 54656K, reserved 1114112K
  class space    used 7408K, committed 7616K, reserved 1048576K
}
Event: 23.626 GC heap after
{Heap after GC invocations=21 (full 0):
 garbage-first heap   total 51200K, used 27135K [0x00000000a1e00000, 0x0000000100000000)
  region size 1024K, 2 young (2048K), 2 survivors (2048K)
 Metaspace       used 54163K, committed 54656K, reserved 1114112K
  class space    used 7408K, committed 7616K, reserved 1048576K
}
Event: 23.634 GC heap before
{Heap before GC invocations=21 (full 0):
 garbage-first heap   total 51200K, used 28159K [0x00000000a1e00000, 0x0000000100000000)
  region size 1024K, 3 young (3072K), 2 survivors (2048K)
 Metaspace       used 54163K, committed 54656K, reserved 1114112K
  class space    used 7408K, committed 7616K, reserved 1048576K
}
Event: 23.638 GC heap after
{Heap after GC invocations=22 (full 0):
 garbage-first heap   total 51200K, used 27117K [0x00000000a1e00000, 0x0000000100000000)
  region size 1024K, 1 young (1024K), 1 survivors (1024K)
 Metaspace       used 54163K, committed 54656K, reserved 1114112K
  class space    used 7408K, committed 7616K, reserved 1048576K
}
Event: 24.141 GC heap before
{Heap before GC invocations=22 (full 0):
 garbage-first heap   total 51200K, used 41453K [0x00000000a1e00000, 0x0000000100000000)
  region size 1024K, 15 young (15360K), 1 survivors (1024K)
 Metaspace       used 54573K, committed 55040K, reserved 1114112K
  class space    used 7458K, committed 7680K, reserved 1048576K
}
Event: 24.144 GC heap after
{Heap after GC invocations=23 (full 0):
 garbage-first heap   total 51200K, used 27320K [0x00000000a1e00000, 0x0000000100000000)
  region size 1024K, 1 young (1024K), 1 survivors (1024K)
 Metaspace       used 54573K, committed 55040K, reserved 1114112K
  class space    used 7458K, committed 7680K, reserved 1048576K
}
Event: 24.453 GC heap before
{Heap before GC invocations=24 (full 0):
 garbage-first heap   total 55296K, used 41656K [0x00000000a1e00000, 0x0000000100000000)
  region size 1024K, 15 young (15360K), 1 survivors (1024K)
 Metaspace       used 54713K, committed 55168K, reserved 1114112K
  class space    used 7464K, committed 7680K, reserved 1048576K
}
Event: 24.458 GC heap after
{Heap after GC invocations=25 (full 0):
 garbage-first heap   total 55296K, used 27735K [0x00000000a1e00000, 0x0000000100000000)
  region size 1024K, 1 young (1024K), 1 survivors (1024K)
 Metaspace       used 54713K, committed 55168K, reserved 1114112K
  class space    used 7464K, committed 7680K, reserved 1048576K
}
Event: 24.529 GC heap before
{Heap before GC invocations=25 (full 0):
 garbage-first heap   total 55296K, used 28759K [0x00000000a1e00000, 0x0000000100000000)
  region size 1024K, 2 young (2048K), 1 survivors (1024K)
 Metaspace       used 54832K, committed 55296K, reserved 1114112K
  class space    used 7479K, committed 7680K, reserved 1048576K
}
Event: 24.534 GC heap after
{Heap after GC invocations=26 (full 0):
 garbage-first heap   total 55296K, used 27694K [0x00000000a1e00000, 0x0000000100000000)
  region size 1024K, 1 young (1024K), 1 survivors (1024K)
 Metaspace       used 54832K, committed 55296K, reserved 1114112K
  class space    used 7479K, committed 7680K, reserved 1048576K
}
Event: 25.630 GC heap before
{Heap before GC invocations=26 (full 0):
 garbage-first heap   total 55296K, used 43054K [0x00000000a1e00000, 0x0000000100000000)
  region size 1024K, 17 young (17408K), 1 survivors (1024K)
 Metaspace       used 56347K, committed 56768K, reserved 1114112K
  class space    used 7720K, committed 7936K, reserved 1048576K
}
Event: 25.635 GC heap after
{Heap after GC invocations=27 (full 0):
 garbage-first heap   total 110592K, used 28632K [0x00000000a1e00000, 0x0000000100000000)
  region size 1024K, 2 young (2048K), 2 survivors (2048K)
 Metaspace       used 56347K, committed 56768K, reserved 1114112K
  class space    used 7720K, committed 7936K, reserved 1048576K
}

